\BOOKMARK [1][-]{section.1}{Overview}{}% 1
\BOOKMARK [2][-]{subsection.1.1}{Pun Structure}{section.1}% 2
\BOOKMARK [2][-]{subsection.1.2}{Motivation}{section.1}% 3
\BOOKMARK [2][-]{subsection.1.3}{Tasks}{section.1}% 4
\BOOKMARK [1][-]{section.2}{Pun Detection}{}% 5
\BOOKMARK [2][-]{subsection.2.1}{Baseline}{section.2}% 6
\BOOKMARK [2][-]{subsection.2.2}{Algorithms}{section.2}% 7
\BOOKMARK [2][-]{subsection.2.3}{Feature Comparison}{section.2}% 8
\BOOKMARK [1][-]{section.3}{Pun Location}{}% 9
\BOOKMARK [2][-]{subsection.3.1}{Baseline}{section.3}% 10
\BOOKMARK [2][-]{subsection.3.2}{Algorithms}{section.3}% 11
\BOOKMARK [2][-]{subsection.3.3}{Feature Comparison}{section.3}% 12
\BOOKMARK [1][-]{section.4}{Results}{}% 13
\BOOKMARK [2][-]{subsection.4.1}{Pun Detection}{section.4}% 14
\BOOKMARK [3][-]{subsubsection.4.1.1}{Evaluation}{subsection.4.1}% 15
\BOOKMARK [3][-]{subsubsection.4.1.2}{Results}{subsection.4.1}% 16
\BOOKMARK [3][-]{subsubsection.4.1.3}{Error Analysis}{subsection.4.1}% 17
\BOOKMARK [2][-]{subsection.4.2}{Pun Location}{section.4}% 18
\BOOKMARK [3][-]{subsubsection.4.2.1}{Evaluation}{subsection.4.2}% 19
\BOOKMARK [3][-]{subsubsection.4.2.2}{Results}{subsection.4.2}% 20
\BOOKMARK [3][-]{subsubsection.4.2.3}{Error Analysis}{subsection.4.2}% 21
\BOOKMARK [1][-]{section.5}{Conclusion}{}% 22
\BOOKMARK [2][-]{subsection.5.1}{who did what}{section.5}% 23
\BOOKMARK [2][-]{subsection.5.2}{what went well}{section.5}% 24
\BOOKMARK [2][-]{subsection.5.3}{what we could have done better}{section.5}% 25
\BOOKMARK [1][-]{section.6}{Style Stuff}{}% 26
